# Logfile created on 2014-07-22 21:37:58 +0100 by logger.rb/41954
I [2014-07-22 21:37:58.740] [[32mConnectionManager[0m] Connection opened: #<Connection::592a881a127ba6e70e50>
I [2014-07-22 21:37:58.755] [[32mChannel[0m] #<Connection::592a881a127ba6e70e50> subscribed to channel likes
I [2014-07-22 21:37:58.755] [[32mChannel[0m] sending token
I [2014-07-22 21:48:48.235] [[32mChannel[0m] #<Connection::592a881a127ba6e70e50> unsubscribed from channel likes
I [2014-07-22 21:48:48.235] [[32mConnectionManager[0m] Connection closed: #<Connection::592a881a127ba6e70e50>
I [2014-07-22 21:48:48.528] [[32mConnectionManager[0m] Connection opened: #<Connection::e77784c32cb965a22d24>
I [2014-07-22 21:48:48.586] [[32mChannel[0m] #<Connection::e77784c32cb965a22d24> subscribed to channel likes
I [2014-07-22 21:48:48.587] [[32mChannel[0m] sending token
I [2014-07-22 21:49:05.350] [[32mChannel[0m] #<Connection::e77784c32cb965a22d24> unsubscribed from channel likes
I [2014-07-22 21:49:05.351] [[32mConnectionManager[0m] Connection closed: #<Connection::e77784c32cb965a22d24>
I [2014-07-22 21:49:05.563] [[32mConnectionManager[0m] Connection opened: #<Connection::45fddc923b78a2e4e152>
I [2014-07-22 21:49:05.570] [[32mChannel[0m] #<Connection::45fddc923b78a2e4e152> subscribed to channel likes
I [2014-07-22 21:49:05.571] [[32mChannel[0m] sending token
I [2014-07-23 13:40:38.158] [[32mChannel[0m] #<Connection::45fddc923b78a2e4e152> unsubscribed from channel likes
I [2014-07-23 13:40:38.158] [[32mConnectionManager[0m] Connection closed: #<Connection::45fddc923b78a2e4e152>
I [2014-07-23 18:01:30.395] [[32mConnectionManager[0m] Connection opened: #<Connection::b4cb9241f49e4edf2efe>
I [2014-07-23 18:01:30.398] [[32mChannel[0m] #<Connection::b4cb9241f49e4edf2efe> subscribed to channel likes
I [2014-07-23 18:01:30.399] [[32mChannel[0m] sending token
I [2014-07-23 18:02:12.930] [[32mChannel[0m] #<Connection::b4cb9241f49e4edf2efe> unsubscribed from channel likes
I [2014-07-23 18:02:12.930] [[32mConnectionManager[0m] Connection closed: #<Connection::b4cb9241f49e4edf2efe>
I [2014-07-23 21:09:12.316] [[32mConnectionManager[0m] Connection opened: #<Connection::ccc07195c3342e080098>
I [2014-07-23 21:09:12.320] [[32mChannel[0m] #<Connection::ccc07195c3342e080098> subscribed to channel likes
I [2014-07-23 21:09:12.320] [[32mChannel[0m] sending token
I [2014-07-23 21:09:46.784] [[32mChannel[0m] #<Connection::ccc07195c3342e080098> unsubscribed from channel likes
I [2014-07-23 21:09:46.784] [[32mConnectionManager[0m] Connection closed: #<Connection::ccc07195c3342e080098>
I [2014-07-24 08:24:48.516] [[32mConnectionManager[0m] Connection opened: #<Connection::dc03dabca56f83b65ef0>
I [2014-07-24 08:24:48.526] [[32mChannel[0m] #<Connection::dc03dabca56f83b65ef0> subscribed to channel likes
I [2014-07-24 08:24:48.526] [[32mChannel[0m] sending token
I [2014-07-24 11:17:59.356] [[32mChannel[0m] #<Connection::dc03dabca56f83b65ef0> unsubscribed from channel likes
I [2014-07-24 11:17:59.356] [[32mConnectionManager[0m] Connection closed: #<Connection::dc03dabca56f83b65ef0>
I [2014-07-24 11:17:59.494] [[32mConnectionManager[0m] Connection opened: #<Connection::a99cccd2faf5a1870594>
I [2014-07-24 11:17:59.497] [[32mChannel[0m] #<Connection::a99cccd2faf5a1870594> subscribed to channel likes
I [2014-07-24 11:17:59.497] [[32mChannel[0m] sending token
I [2014-07-24 11:18:21.111] [[32mChannel[0m] #<Connection::a99cccd2faf5a1870594> unsubscribed from channel likes
I [2014-07-24 11:18:21.111] [[32mConnectionManager[0m] Connection closed: #<Connection::a99cccd2faf5a1870594>
I [2014-07-24 11:18:21.250] [[32mConnectionManager[0m] Connection opened: #<Connection::516da7596302bfa2a338>
I [2014-07-24 11:18:21.252] [[32mChannel[0m] #<Connection::516da7596302bfa2a338> subscribed to channel likes
I [2014-07-24 11:18:21.252] [[32mChannel[0m] sending token
I [2014-07-24 11:18:30.638] [[32mChannel[0m] [likes] {"id"=>2, "new_like_count"=>1}
I [2014-07-24 11:18:31.107] [[32mChannel[0m] [likes] {"id"=>2, "new_like_count"=>2}
I [2014-07-24 11:18:31.517] [[32mChannel[0m] [likes] {"id"=>2, "new_like_count"=>3}
I [2014-07-24 11:22:15.689] [[32mChannel[0m] #<Connection::516da7596302bfa2a338> unsubscribed from channel likes
I [2014-07-24 11:22:15.702] [[32mConnectionManager[0m] Connection closed: #<Connection::516da7596302bfa2a338>
I [2014-07-24 11:22:15.108] [[32mConnectionManager[0m] Connection opened: #<Connection::7518d06a4eba9e40fdbe>
I [2014-07-24 11:22:15.110] [[32mChannel[0m] #<Connection::7518d06a4eba9e40fdbe> subscribed to channel likes
I [2014-07-24 11:22:15.110] [[32mChannel[0m] sending token
I [2014-07-24 11:23:10.111] [[32mChannel[0m] #<Connection::7518d06a4eba9e40fdbe> unsubscribed from channel likes
I [2014-07-24 11:23:10.113] [[32mConnectionManager[0m] Connection closed: #<Connection::7518d06a4eba9e40fdbe>
I [2014-07-24 11:23:10.111] [[32mConnectionManager[0m] Connection opened: #<Connection::40178fc6eb7feeb8d73f>
I [2014-07-24 11:23:10.114] [[32mChannel[0m] #<Connection::40178fc6eb7feeb8d73f> subscribed to channel likes
I [2014-07-24 11:23:10.114] [[32mChannel[0m] sending token
I [2014-07-24 11:23:19.708] [[32mChannel[0m] #<Connection::40178fc6eb7feeb8d73f> unsubscribed from channel likes
I [2014-07-24 11:23:19.708] [[32mConnectionManager[0m] Connection closed: #<Connection::40178fc6eb7feeb8d73f>
I [2014-07-24 11:23:19.795] [[32mConnectionManager[0m] Connection opened: #<Connection::0d9c783e2ccbdda6b832>
I [2014-07-24 11:23:19.797] [[32mChannel[0m] #<Connection::0d9c783e2ccbdda6b832> subscribed to channel likes
I [2014-07-24 11:23:19.798] [[32mChannel[0m] sending token
I [2014-07-24 11:23:31.280] [[32mChannel[0m] #<Connection::0d9c783e2ccbdda6b832> unsubscribed from channel likes
I [2014-07-24 11:23:31.280] [[32mConnectionManager[0m] Connection closed: #<Connection::0d9c783e2ccbdda6b832>
I [2014-07-24 11:23:31.367] [[32mConnectionManager[0m] Connection opened: #<Connection::c98c75e27468ebfac70e>
I [2014-07-24 11:23:31.369] [[32mChannel[0m] #<Connection::c98c75e27468ebfac70e> subscribed to channel likes
I [2014-07-24 11:23:31.369] [[32mChannel[0m] sending token
I [2014-07-24 11:23:34.642] [[32mChannel[0m] [likes] {"id"=>3, "new_like_count"=>1}
I [2014-07-24 11:23:34.810] [[32mChannel[0m] [likes] {"id"=>3, "new_like_count"=>2}
I [2014-07-24 11:23:35.429] [[32mChannel[0m] [likes] {"id"=>3, "new_like_count"=>3}
I [2014-07-24 11:23:36.819] [[32mChannel[0m] [likes] {"id"=>4, "new_like_count"=>1}
I [2014-07-24 11:23:37.717] [[32mChannel[0m] [likes] {"id"=>4, "new_like_count"=>2}
I [2014-07-24 11:23:37.194] [[32mChannel[0m] [likes] {"id"=>4, "new_like_count"=>3}
